Vivado Simulator 2018.2
Copyright 1986-1999, 2001-2018 Xilinx, Inc. All Rights Reserved.
Running: /home/jacoboffersen/Program/vivado20182/Vivado/2018.2/bin/unwrapped/lnx64.o/xelab -wto 0d623742dc11498b8eb95836d15c0252 --incr --debug typical --relax --mt 8 -L xil_defaultlib -L unisims_ver -L secureip --snapshot qlink_tb_func_synth xil_defaultlib.qlink_tb xil_defaultlib.glbl -log elaborate.log 
Using 8 slave threads.
Starting static elaboration
Completed static elaboration
Starting simulation data flow analysis
Completed simulation data flow analysis
Time Resolution for simulation is 1ps
Compiling package std.standard
Compiling package std.textio
Compiling package ieee.std_logic_1164
Compiling package ieee.std_logic_arith
Compiling package ieee.std_logic_unsigned
Compiling package ieee.numeric_std
Compiling package unisim.vcomponents
Compiling package ieee.vital_timing
Compiling package ieee.vital_primitives
Compiling package unisim.vpkg
Compiling package ieee.std_logic_signed
Compiling package ieee.std_logic_textio
Compiling module xil_defaultlib.glbl
Compiling architecture ibuf_v of entity unisim.IBUF [\IBUF(1,9)(1,1)(1,4)(1,7)\]
Compiling architecture bufg_v of entity unisim.BUFG [bufg_default]
Compiling architecture obuf_v of entity unisim.OBUF [\OBUF(1,9)(1,7)(1,4)\]
Compiling architecture lut6_v of entity unisim.LUT6 [\LUT6(init="11111111111111111111...]
Compiling architecture lut5_v of entity unisim.LUT5 [\LUT5(init="11111111111101000100...]
Compiling architecture lut6_v of entity unisim.LUT6 [\LUT6(init="00101010101010101010...]
Compiling architecture lut4_v of entity unisim.LUT4 [\LUT4(init="0000000000000100")(0...]
Compiling architecture lut4_v of entity unisim.LUT4 [\LUT4(init="0000000000001000")(0...]
Compiling architecture lut2_v of entity unisim.LUT2 [\LUT2(init="0010")(0,3)\]
Compiling architecture lut4_v of entity unisim.LUT4 [\LUT4(init="0000000000100000")(0...]
Compiling architecture lut6_v of entity unisim.LUT6 [\LUT6(init="00010000000000000000...]
Compiling architecture lut6_v of entity unisim.LUT6 [\LUT6(init="11111111111111111111...]
Compiling architecture lut2_v of entity unisim.LUT2 [\LUT2(init="1110")(0,3)\]
Compiling architecture lut3_v of entity unisim.LUT3 [\LUT3(init="11111011")(0,7)\]
Compiling architecture lut6_v of entity unisim.LUT6 [\LUT6(init="00000000000000000001...]
Compiling architecture lut6_v of entity unisim.LUT6 [\LUT6(init="01000100111101000100...]
Compiling architecture lut6_v of entity unisim.LUT6 [\LUT6(init="11111111111111111111...]
Compiling architecture lut2_v of entity unisim.LUT2 [\LUT2(init="0111")(0,3)\]
Compiling architecture lut5_v of entity unisim.LUT5 [\LUT5(init="00000000000000000000...]
Compiling architecture lut4_v of entity unisim.LUT4 [\LUT4(init="1111111111101111")(0...]
Compiling architecture lut5_v of entity unisim.LUT5 [\LUT5(init="00000000000000001111...]
Compiling architecture lut5_v of entity unisim.LUT5 [\LUT5(init="00000000000000000000...]
Compiling architecture lut6_v of entity unisim.LUT6 [\LUT6(init="11111111111111111111...]
Compiling architecture lut4_v of entity unisim.LUT4 [\LUT4(init="1000000000000000")(0...]
Compiling architecture lut3_v of entity unisim.LUT3 [\LUT3(init="00001110")(0,7)\]
Compiling architecture lut6_v of entity unisim.LUT6 [\LUT6(init="10111011100010111011...]
Compiling architecture lut5_v of entity unisim.LUT5 [\LUT5(init="00000000000000000000...]
Compiling architecture lut6_v of entity unisim.LUT6 [\LUT6(init="11111111111111111111...]
Compiling architecture lut5_v of entity unisim.LUT5 [\LUT5(init="00000000000000000001...]
Compiling architecture lut6_v of entity unisim.LUT6 [\LUT6(init="11110000000000000000...]
Compiling architecture lut4_v of entity unisim.LUT4 [\LUT4(init="1111111111111101")(0...]
Compiling architecture lut5_v of entity unisim.LUT5 [\LUT5(init="00000000000000000000...]
Compiling architecture lut5_v of entity unisim.LUT5 [\LUT5(init="11111111111110111111...]
Compiling architecture lut6_v of entity unisim.LUT6 [\LUT6(init="01000100111101000100...]
Compiling architecture lut3_v of entity unisim.LUT3 [\LUT3(init="11101111")(0,7)\]
Compiling architecture lut4_v of entity unisim.LUT4 [\LUT4(init="1111101111111111")(0...]
Compiling architecture lut4_v of entity unisim.LUT4 [\LUT4(init="0000000000000001")(0...]
Compiling architecture lut3_v of entity unisim.LUT3 [\LUT3(init="00001000")(0,7)\]
Compiling architecture lut5_v of entity unisim.LUT5 [\LUT5(init="11111111111111111111...]
Compiling architecture lut5_v of entity unisim.LUT5 [\LUT5(init="00000000000100000001...]
Compiling architecture lut3_v of entity unisim.LUT3 [\LUT3(init="10000000")(0,7)\]
Compiling architecture lut6_v of entity unisim.LUT6 [\LUT6(init="00000000000000000000...]
Compiling architecture lut3_v of entity unisim.LUT3 [\LUT3(init="11110100")(0,7)\]
Compiling architecture lut3_v of entity unisim.LUT3 [\LUT3(init="10111010")(0,7)\]
Compiling architecture lut6_v of entity unisim.LUT6 [\LUT6(init="11111111111111111111...]
Compiling architecture lut1_v of entity unisim.LUT1 [\LUT1(init="0001")(0,3)\]
Compiling architecture lut4_v of entity unisim.LUT4 [\LUT4(init="0000111110110000")(0...]
Compiling architecture lut3_v of entity unisim.LUT3 [\LUT3(init="01101010")(0,7)\]
Compiling architecture lut5_v of entity unisim.LUT5 [\LUT5(init="10111111111111111010...]
Compiling architecture lut4_v of entity unisim.LUT4 [\LUT4(init="0110110010001100")(0...]
Compiling architecture fdre_v of entity unisim.FDRE [fdre_default]
Compiling architecture lut6_v of entity unisim.LUT6 [\LUT6(init="00000000000000000000...]
Compiling architecture lut6_v of entity unisim.LUT6 [\LUT6(init="00000000000000000000...]
Compiling architecture lut5_v of entity unisim.LUT5 [\LUT5(init="00000000000000000000...]
Compiling architecture lut5_v of entity unisim.LUT5 [\LUT5(init="00000000000010000000...]
Compiling architecture lut6_v of entity unisim.LUT6 [\LUT6(init="00000000000000000000...]
Compiling architecture lut6_v of entity unisim.LUT6 [\LUT6(init="00000000000000000000...]
Compiling architecture lut5_v of entity unisim.LUT5 [\LUT5(init="10000000000000000000...]
Compiling architecture lut5_v of entity unisim.LUT5 [\LUT5(init="00000000000000000000...]
Compiling architecture lut4_v of entity unisim.LUT4 [\LUT4(init="1111111011111111")(0...]
Compiling architecture lut4_v of entity unisim.LUT4 [\LUT4(init="0000000001000000")(0...]
Compiling architecture lut2_v of entity unisim.LUT2 [\LUT2(init="0001")(0,3)\]
Compiling architecture lut3_v of entity unisim.LUT3 [\LUT3(init="00000110")(0,7)\]
Compiling architecture lut4_v of entity unisim.LUT4 [\LUT4(init="0000000001111000")(0...]
Compiling architecture lut6_v of entity unisim.LUT6 [\LUT6(init="10101010101110101010...]
Compiling architecture lut5_v of entity unisim.LUT5 [\LUT5(init="00000000000000000111...]
Compiling architecture lut6_v of entity unisim.LUT6 [\LUT6(init="00000000000000000000...]
Compiling architecture lut6_v of entity unisim.LUT6 [\LUT6(init="11111111111111111111...]
Compiling architecture structure of entity xil_defaultlib.decode_serial [decode_serial_default]
Compiling architecture lut2_v of entity unisim.LUT2 [\LUT2(init="0110")(0,3)\]
Compiling architecture lut2_v of entity unisim.LUT2 [\LUT2(init="1011")(0,3)\]
Compiling architecture lut5_v of entity unisim.LUT5 [\LUT5(init="00000000000000001000...]
Compiling architecture lut4_v of entity unisim.LUT4 [\LUT4(init="0110101010101010")(0...]
Compiling architecture lut4_v of entity unisim.LUT4 [\LUT4(init="1010101010101000")(0...]
Compiling architecture lut3_v of entity unisim.LUT3 [\LUT3(init="00000001")(0,7)\]
Compiling architecture lut6_v of entity unisim.LUT6 [\LUT6(init="00000000000001000000...]
Compiling architecture lut4_v of entity unisim.LUT4 [\LUT4(init="0000000011110010")(0...]
Compiling architecture lut3_v of entity unisim.LUT3 [\LUT3(init="11111101")(0,7)\]
Compiling architecture lut4_v of entity unisim.LUT4 [\LUT4(init="0111111111111111")(0...]
Compiling architecture lut5_v of entity unisim.LUT5 [\LUT5(init="00000000000000001110...]
Compiling architecture lut6_v of entity unisim.LUT6 [\LUT6(init="11111111111111111111...]
Compiling architecture lut6_v of entity unisim.LUT6 [\LUT6(init="11111010110011110000...]
Compiling architecture lut6_v of entity unisim.LUT6 [\LUT6(init="10101010111100001100...]
Compiling architecture structure of entity xil_defaultlib.encode_serial [encode_serial_default]
Compiling architecture lut6_v of entity unisim.LUT6 [\LUT6(init="00000000000000000000...]
Compiling architecture lut4_v of entity unisim.LUT4 [\LUT4(init="1111111111111110")(0...]
Compiling architecture lut5_v of entity unisim.LUT5 [\LUT5(init="00000000000000000000...]
Compiling architecture fdse_v of entity unisim.FDSE [fdse_default]
Compiling architecture lut6_v of entity unisim.LUT6 [\LUT6(init="00101111010111110100...]
Compiling architecture mmcme2_adv_v of entity unisim.MMCME2_ADV [\MMCME2_ADV(clkfbout_mult_f=10.0...]
Compiling architecture structure of entity xil_defaultlib.mmcm48 [mmcm48_default]
Compiling architecture lut2_v of entity unisim.LUT2 [\LUT2(init="1000")(0,3)\]
Compiling architecture carry4_v of entity unisim.CARRY4 [carry4_default]
Compiling architecture lut5_v of entity unisim.LUT5 [\LUT5(init="11101010111011101110...]
Compiling architecture lut5_v of entity unisim.LUT5 [\LUT5(init="11111111111111111000...]
Compiling architecture lut6_v of entity unisim.LUT6 [\LUT6(init="11111111111111111111...]
Compiling architecture lut5_v of entity unisim.LUT5 [\LUT5(init="01101010101010101010...]
Compiling architecture lut6_v of entity unisim.LUT6 [\LUT6(init="01101010101010101010...]
Compiling architecture lut6_v of entity unisim.LUT6 [\LUT6(init="11111111111111111111...]
Compiling architecture lut6_v of entity unisim.LUT6 [\LUT6(init="00010001000100010001...]
Compiling architecture lut5_v of entity unisim.LUT5 [\LUT5(init="00000000010101110101...]
Compiling architecture lut5_v of entity unisim.LUT5 [\LUT5(init="00010101010000000001...]
Compiling architecture lut6_v of entity unisim.LUT6 [\LUT6(init="00000011001100000011...]
Compiling architecture lut6_v of entity unisim.LUT6 [\LUT6(init="00010001000100010001...]
Compiling architecture lut6_v of entity unisim.LUT6 [\LUT6(init="00000000000000000000...]
Compiling architecture lut6_v of entity unisim.LUT6 [\LUT6(init="00011111111000001111...]
Compiling architecture lut6_v of entity unisim.LUT6 [\LUT6(init="00100000001000000010...]
Compiling architecture lut6_v of entity unisim.LUT6 [\LUT6(init="10111010101010111011...]
Compiling architecture lut3_v of entity unisim.LUT3 [\LUT3(init="10101000")(0,7)\]
Compiling architecture lut6_v of entity unisim.LUT6 [\LUT6(init="00000001010101010101...]
Compiling architecture lut5_v of entity unisim.LUT5 [\LUT5(init="10011111100100001001...]
Compiling architecture lut6_v of entity unisim.LUT6 [\LUT6(init="00000000000101000101...]
Compiling architecture lut6_v of entity unisim.LUT6 [\LUT6(init="10011111100111111001...]
Compiling architecture lut6_v of entity unisim.LUT6 [\LUT6(init="00100000001000000010...]
Compiling architecture lut6_v of entity unisim.LUT6 [\LUT6(init="01010101010101000101...]
Compiling architecture lut4_v of entity unisim.LUT4 [\LUT4(init="0001111111100000")(0...]
Compiling architecture lut6_v of entity unisim.LUT6 [\LUT6(init="10101010101010111010...]
Compiling architecture lut6_v of entity unisim.LUT6 [\LUT6(init="00000000000000000000...]
Compiling architecture lut5_v of entity unisim.LUT5 [\LUT5(init="11111111111111110000...]
Compiling architecture lut6_v of entity unisim.LUT6 [\LUT6(init="00000100000001000000...]
Compiling architecture lut6_v of entity unisim.LUT6 [\LUT6(init="00000000000000000000...]
Compiling architecture lut6_v of entity unisim.LUT6 [\LUT6(init="10111010101110111011...]
Compiling architecture lut6_v of entity unisim.LUT6 [\LUT6(init="00000000000000001010...]
Compiling architecture lut6_v of entity unisim.LUT6 [\LUT6(init="11111111111111111111...]
Compiling architecture lut6_v of entity unisim.LUT6 [\LUT6(init="11111111111111111111...]
Compiling architecture lut5_v of entity unisim.LUT5 [\LUT5(init="00001100111101111111...]
Compiling architecture lut6_v of entity unisim.LUT6 [\LUT6(init="11111111111111111111...]
Compiling architecture lut6_v of entity unisim.LUT6 [\LUT6(init="00000000000000000011...]
Compiling architecture lut6_v of entity unisim.LUT6 [\LUT6(init="00000000000011000000...]
Compiling architecture lut6_v of entity unisim.LUT6 [\LUT6(init="00000000000000000000...]
Compiling architecture lut6_v of entity unisim.LUT6 [\LUT6(init="00010000000000000000...]
Compiling architecture lut5_v of entity unisim.LUT5 [\LUT5(init="11010000000000000000...]
Compiling architecture lut6_v of entity unisim.LUT6 [\LUT6(init="00001100000011000000...]
Compiling architecture lut5_v of entity unisim.LUT5 [\LUT5(init="00010000000100010000...]
Compiling architecture lut3_v of entity unisim.LUT3 [\LUT3(init="00000100")(0,7)\]
Compiling architecture lut5_v of entity unisim.LUT5 [\LUT5(init="10000000100010000000...]
Compiling architecture lut6_v of entity unisim.LUT6 [\LUT6(init="00000000000000000000...]
Compiling architecture lut6_v of entity unisim.LUT6 [\LUT6(init="00000000000000000000...]
Compiling architecture lut6_v of entity unisim.LUT6 [\LUT6(init="11111111111111111111...]
Compiling architecture lut6_v of entity unisim.LUT6 [\LUT6(init="00000000000000000000...]
Compiling architecture lut6_v of entity unisim.LUT6 [\LUT6(init="00000001000000010001...]
Compiling architecture lut6_v of entity unisim.LUT6 [\LUT6(init="00001000000010001000...]
Compiling architecture lut6_v of entity unisim.LUT6 [\LUT6(init="00000000000000000011...]
Compiling architecture lut6_v of entity unisim.LUT6 [\LUT6(init="11111111110011111111...]
Compiling architecture lut6_v of entity unisim.LUT6 [\LUT6(init="00000000000000000000...]
Compiling architecture lut6_v of entity unisim.LUT6 [\LUT6(init="00000000000000000000...]
Compiling architecture lut6_v of entity unisim.LUT6 [\LUT6(init="11111111111111111111...]
Compiling architecture lut6_v of entity unisim.LUT6 [\LUT6(init="11110000000000000000...]
Compiling architecture lut5_v of entity unisim.LUT5 [\LUT5(init="00000000000000001111...]
Compiling architecture lut6_v of entity unisim.LUT6 [\LUT6(init="00000000111100001000...]
Compiling architecture lut6_v of entity unisim.LUT6 [\LUT6(init="00000000000000000000...]
Compiling architecture lut6_v of entity unisim.LUT6 [\LUT6(init="00010000000100000001...]
Compiling architecture lut6_v of entity unisim.LUT6 [\LUT6(init="00000100111111111111...]
Compiling architecture lut6_v of entity unisim.LUT6 [\LUT6(init="00000010111100000000...]
Compiling architecture lut6_v of entity unisim.LUT6 [\LUT6(init="11111101000000000000...]
Compiling architecture lut6_v of entity unisim.LUT6 [\LUT6(init="00000000000000001111...]
Compiling architecture lut5_v of entity unisim.LUT5 [\LUT5(init="00010001000100010001...]
Compiling architecture lut6_v of entity unisim.LUT6 [\LUT6(init="00000000000000000000...]
Compiling architecture lut5_v of entity unisim.LUT5 [\LUT5(init="11111011111110111111...]
Compiling architecture lut6_v of entity unisim.LUT6 [\LUT6(init="10101010101010101010...]
Compiling architecture lut5_v of entity unisim.LUT5 [\LUT5(init="11111111111111111111...]
Compiling architecture lut6_v of entity unisim.LUT6 [\LUT6(init="10101010100010100000...]
Compiling architecture lut6_v of entity unisim.LUT6 [\LUT6(init="00100000001000000010...]
Compiling architecture lut6_v of entity unisim.LUT6 [\LUT6(init="11111111111111111111...]
Compiling architecture lut6_v of entity unisim.LUT6 [\LUT6(init="11110000000000000000...]
Compiling architecture lut5_v of entity unisim.LUT5 [\LUT5(init="01000000010001010101...]
Compiling architecture lut6_v of entity unisim.LUT6 [\LUT6(init="11111111111111111111...]
Compiling architecture lut4_v of entity unisim.LUT4 [\LUT4(init="1111111111110111")(0...]
Compiling architecture lut5_v of entity unisim.LUT5 [\LUT5(init="00010001000100010001...]
Compiling architecture lut3_v of entity unisim.LUT3 [\LUT3(init="11011111")(0,7)\]
Compiling architecture lut5_v of entity unisim.LUT5 [\LUT5(init="00000000000001000000...]
Compiling architecture lut6_v of entity unisim.LUT6 [\LUT6(init="01010100010101011111...]
Compiling architecture lut6_v of entity unisim.LUT6 [\LUT6(init="00000000000000000000...]
Compiling architecture lut5_v of entity unisim.LUT5 [\LUT5(init="00000000000100000000...]
Compiling architecture lut6_v of entity unisim.LUT6 [\LUT6(init="01000000010000000100...]
Compiling architecture lut4_v of entity unisim.LUT4 [\LUT4(init="1110111111111111")(0...]
Compiling architecture lut5_v of entity unisim.LUT5 [\LUT5(init="00000000000000000000...]
Compiling architecture lut5_v of entity unisim.LUT5 [\LUT5(init="00000000000000000000...]
Compiling architecture lut6_v of entity unisim.LUT6 [\LUT6(init="10001000101110001111...]
Compiling architecture lut6_v of entity unisim.LUT6 [\LUT6(init="00000000000000000000...]
Compiling architecture lut6_v of entity unisim.LUT6 [\LUT6(init="00001101000011010000...]
Compiling architecture lut6_v of entity unisim.LUT6 [\LUT6(init="00000000000000000000...]
Compiling architecture lut6_v of entity unisim.LUT6 [\LUT6(init="00000000000001001111...]
Compiling architecture lut5_v of entity unisim.LUT5 [\LUT5(init="00000000000000010000...]
Compiling architecture lut6_v of entity unisim.LUT6 [\LUT6(init="10101010101010101010...]
Compiling architecture lut6_v of entity unisim.LUT6 [\LUT6(init="10101010101010101010...]
Compiling architecture lut5_v of entity unisim.LUT5 [\LUT5(init="01010101010101010000...]
Compiling architecture lut6_v of entity unisim.LUT6 [\LUT6(init="00000000000000000000...]
Compiling architecture lut5_v of entity unisim.LUT5 [\LUT5(init="10101000111111111010...]
Compiling architecture lut6_v of entity unisim.LUT6 [\LUT6(init="11100000111111111110...]
Compiling architecture lut5_v of entity unisim.LUT5 [\LUT5(init="10111011101110001000...]
Compiling architecture lut3_v of entity unisim.LUT3 [\LUT3(init="00011111")(0,7)\]
Compiling architecture lut5_v of entity unisim.LUT5 [\LUT5(init="00111011000010111111...]
Compiling architecture lut5_v of entity unisim.LUT5 [\LUT5(init="00000000000000010001...]
Compiling architecture lut5_v of entity unisim.LUT5 [\LUT5(init="00010000000111001101...]
Compiling architecture lut6_v of entity unisim.LUT6 [\LUT6(init="11111111111111111111...]
Compiling architecture lut3_v of entity unisim.LUT3 [\LUT3(init="11100000")(0,7)\]
Compiling architecture lut6_v of entity unisim.LUT6 [\LUT6(init="11111110111111101111...]
Compiling architecture lut5_v of entity unisim.LUT5 [\LUT5(init="01000101010000000101...]
Compiling architecture lut5_v of entity unisim.LUT5 [\LUT5(init="00110011001100000010...]
Compiling architecture lut6_v of entity unisim.LUT6 [\LUT6(init="10001000110011001100...]
Compiling architecture lut6_v of entity unisim.LUT6 [\LUT6(init="01000000010000000100...]
Compiling architecture lut3_v of entity unisim.LUT3 [\LUT3(init="10001111")(0,7)\]
Compiling architecture muxf7_v of entity unisim.MUXF7 [muxf7_default]
Compiling architecture fdre_v of entity unisim.FDRE [\FDRE(init='1')\]
Compiling architecture structure of entity xil_defaultlib.QLinkMaster [qlinkmaster_default]
Compiling architecture lut6_v of entity unisim.LUT6 [\LUT6(init="10101111101000001100...]
Compiling architecture rb36_internal_vhdl_v of entity unisim.RB36_INTERNAL_VHDL [\RB36_INTERNAL_VHDL(init_a="0000...]
Compiling architecture ramb36e1_v of entity unisim.RAMB36E1 [\RAMB36E1(read_width_a=36,read_w...]
Compiling architecture structure of entity xil_defaultlib.block_RAM_module [block_ram_module_default]
Compiling architecture mmcme2_adv_v of entity unisim.MMCME2_ADV [\MMCME2_ADV(clkfbout_mult_f=10.0...]
Compiling architecture structure of entity xil_defaultlib.\spi_clk_gen_clk_wiz_0_0__spi_clk_gen_clk_wiz_0_0_clk_wiz\ [\spi_clk_gen_clk_wiz_0_0__spi_cl...]
Compiling architecture structure of entity xil_defaultlib.spi_clk_gen_clk_wiz_0_0 [spi_clk_gen_clk_wiz_0_0_default]
Compiling architecture structure of entity xil_defaultlib.spi_clk_gen [spi_clk_gen_default]
Compiling architecture structure of entity xil_defaultlib.spi_clk_gen_wrapper [spi_clk_gen_wrapper_default]
Compiling architecture lut6_v of entity unisim.LUT6 [\LUT6(init="00000000000000000000...]
Compiling architecture lut5_v of entity unisim.LUT5 [\LUT5(init="00000000000000000000...]
Compiling architecture lut5_v of entity unisim.LUT5 [\LUT5(init="00000000000000000000...]
Compiling architecture lut5_v of entity unisim.LUT5 [\LUT5(init="00000000000000000100...]
Compiling architecture lut5_v of entity unisim.LUT5 [\LUT5(init="00000000000000000000...]
Compiling architecture lut5_v of entity unisim.LUT5 [\LUT5(init="00001000000000000000...]
Compiling architecture structure of entity xil_defaultlib.SPI_RX [spi_rx_default]
Compiling architecture fdse_v of entity unisim.FDSE [\FDSE(init='0')\]
Compiling architecture lut6_v of entity unisim.LUT6 [\LUT6(init="11101010101010101010...]
Compiling architecture structure of entity xil_defaultlib.SPI_TX [spi_tx_default]
Compiling architecture structure of entity xil_defaultlib.receiver_top [receiver_top_default]
Compiling architecture behavioral of entity xil_defaultlib.qlink_tb
Built simulation snapshot qlink_tb_func_synth
